[D 230902 13:43:04 proactor_events:633] Using proactor: IocpProactor
[D 230902 13:43:28 core:153] Successfully imported extension module "markdown.extensions.extra".
[D 230902 13:43:28 core:116] Successfully loaded extension "markdown.extensions.fenced_code.FencedCodeExtension".
[D 230902 13:43:28 core:116] Successfully loaded extension "markdown.extensions.footnotes.FootnoteExtension".
[D 230902 13:43:28 core:116] Successfully loaded extension "markdown.extensions.attr_list.AttrListExtension".
[D 230902 13:43:28 core:116] Successfully loaded extension "markdown.extensions.def_list.DefListExtension".
[D 230902 13:43:28 core:116] Successfully loaded extension "markdown.extensions.tables.TableExtension".
[D 230902 13:43:28 core:116] Successfully loaded extension "markdown.extensions.abbr.AbbrExtension".
[D 230902 13:43:28 core:116] Successfully loaded extension "markdown.extensions.md_in_html.MarkdownInHtmlExtension".
[D 230902 13:43:28 core:116] Successfully loaded extension "markdown.extensions.extra.ExtraExtension".
[D 230902 13:43:28 core:153] Successfully imported extension module "markdown.extensions.codehilite".
[D 230902 13:43:28 core:116] Successfully loaded extension "markdown.extensions.codehilite.CodeHiliteExtension".
[D 230902 13:43:28 core:153] Successfully imported extension module "markdown.extensions.tables".
[D 230902 13:43:28 core:116] Successfully loaded extension "markdown.extensions.tables.TableExtension".
[D 230902 13:43:28 core:153] Successfully imported extension module "markdown.extensions.toc".
[D 230902 13:43:28 core:116] Successfully loaded extension "markdown.extensions.toc.TocExtension".
[I 230902 13:43:28 wsgi:265] 200 GET / (127.0.0.1) 41.09ms
[I 230902 13:43:29 wsgi:265] 200 GET /static/icon/Exp.ico (127.0.0.1) 49.19ms
[D 230902 13:46:50 core:153] Successfully imported extension module "markdown.extensions.extra".
[D 230902 13:46:50 core:116] Successfully loaded extension "markdown.extensions.fenced_code.FencedCodeExtension".
[D 230902 13:46:50 core:116] Successfully loaded extension "markdown.extensions.footnotes.FootnoteExtension".
[D 230902 13:46:50 core:116] Successfully loaded extension "markdown.extensions.attr_list.AttrListExtension".
[D 230902 13:46:50 core:116] Successfully loaded extension "markdown.extensions.def_list.DefListExtension".
[D 230902 13:46:50 core:116] Successfully loaded extension "markdown.extensions.tables.TableExtension".
[D 230902 13:46:50 core:116] Successfully loaded extension "markdown.extensions.abbr.AbbrExtension".
[D 230902 13:46:50 core:116] Successfully loaded extension "markdown.extensions.md_in_html.MarkdownInHtmlExtension".
[D 230902 13:46:50 core:116] Successfully loaded extension "markdown.extensions.extra.ExtraExtension".
[D 230902 13:46:50 core:153] Successfully imported extension module "markdown.extensions.codehilite".
[D 230902 13:46:50 core:116] Successfully loaded extension "markdown.extensions.codehilite.CodeHiliteExtension".
[D 230902 13:46:50 core:153] Successfully imported extension module "markdown.extensions.tables".
[D 230902 13:46:50 core:116] Successfully loaded extension "markdown.extensions.tables.TableExtension".
[D 230902 13:46:50 core:153] Successfully imported extension module "markdown.extensions.toc".
[D 230902 13:46:50 core:116] Successfully loaded extension "markdown.extensions.toc.TocExtension".
[I 230902 13:46:50 wsgi:265] 200 GET / (127.0.0.1) 10.03ms
[I 230902 13:46:50 wsgi:265] 304 GET /static/icon/Exp.ico (127.0.0.1) 3.00ms
[D 230902 13:47:48 core:153] Successfully imported extension module "markdown.extensions.extra".
[D 230902 13:47:48 core:116] Successfully loaded extension "markdown.extensions.fenced_code.FencedCodeExtension".
[D 230902 13:47:48 core:116] Successfully loaded extension "markdown.extensions.footnotes.FootnoteExtension".
[D 230902 13:47:48 core:116] Successfully loaded extension "markdown.extensions.attr_list.AttrListExtension".
[D 230902 13:47:48 core:116] Successfully loaded extension "markdown.extensions.def_list.DefListExtension".
[D 230902 13:47:48 core:116] Successfully loaded extension "markdown.extensions.tables.TableExtension".
[D 230902 13:47:48 core:116] Successfully loaded extension "markdown.extensions.abbr.AbbrExtension".
[D 230902 13:47:48 core:116] Successfully loaded extension "markdown.extensions.md_in_html.MarkdownInHtmlExtension".
[D 230902 13:47:48 core:116] Successfully loaded extension "markdown.extensions.extra.ExtraExtension".
[D 230902 13:47:48 core:153] Successfully imported extension module "markdown.extensions.codehilite".
[D 230902 13:47:48 core:116] Successfully loaded extension "markdown.extensions.codehilite.CodeHiliteExtension".
[D 230902 13:47:48 core:153] Successfully imported extension module "markdown.extensions.tables".
[D 230902 13:47:48 core:116] Successfully loaded extension "markdown.extensions.tables.TableExtension".
[D 230902 13:47:48 core:153] Successfully imported extension module "markdown.extensions.toc".
[D 230902 13:47:48 core:116] Successfully loaded extension "markdown.extensions.toc.TocExtension".
[I 230902 13:47:48 wsgi:265] 200 GET / (127.0.0.1) 9.90ms
[I 230902 13:47:48 wsgi:265] 304 GET /static/icon/Exp.ico (127.0.0.1) 2.60ms
[D 230902 13:47:59 core:153] Successfully imported extension module "markdown.extensions.extra".
[D 230902 13:47:59 core:116] Successfully loaded extension "markdown.extensions.fenced_code.FencedCodeExtension".
[D 230902 13:47:59 core:116] Successfully loaded extension "markdown.extensions.footnotes.FootnoteExtension".
[D 230902 13:47:59 core:116] Successfully loaded extension "markdown.extensions.attr_list.AttrListExtension".
[D 230902 13:47:59 core:116] Successfully loaded extension "markdown.extensions.def_list.DefListExtension".
[D 230902 13:47:59 core:116] Successfully loaded extension "markdown.extensions.tables.TableExtension".
[D 230902 13:47:59 core:116] Successfully loaded extension "markdown.extensions.abbr.AbbrExtension".
[D 230902 13:47:59 core:116] Successfully loaded extension "markdown.extensions.md_in_html.MarkdownInHtmlExtension".
[D 230902 13:47:59 core:116] Successfully loaded extension "markdown.extensions.extra.ExtraExtension".
[D 230902 13:47:59 core:153] Successfully imported extension module "markdown.extensions.codehilite".
[D 230902 13:47:59 core:116] Successfully loaded extension "markdown.extensions.codehilite.CodeHiliteExtension".
[D 230902 13:47:59 core:153] Successfully imported extension module "markdown.extensions.tables".
[D 230902 13:47:59 core:116] Successfully loaded extension "markdown.extensions.tables.TableExtension".
[D 230902 13:47:59 core:153] Successfully imported extension module "markdown.extensions.toc".
[D 230902 13:47:59 core:116] Successfully loaded extension "markdown.extensions.toc.TocExtension".
[I 230902 13:47:59 wsgi:265] 200 GET / (127.0.0.1) 12.65ms
[I 230902 13:47:59 wsgi:265] 304 GET /static/icon/Exp.ico (127.0.0.1) 2.57ms
[D 230902 13:49:19 proactor_events:633] Using proactor: IocpProactor
[D 230902 13:49:22 core:153] Successfully imported extension module "markdown.extensions.extra".
[D 230902 13:49:23 core:116] Successfully loaded extension "markdown.extensions.fenced_code.FencedCodeExtension".
[D 230902 13:49:23 core:116] Successfully loaded extension "markdown.extensions.footnotes.FootnoteExtension".
[D 230902 13:49:23 core:116] Successfully loaded extension "markdown.extensions.attr_list.AttrListExtension".
[D 230902 13:49:23 core:116] Successfully loaded extension "markdown.extensions.def_list.DefListExtension".
[D 230902 13:49:23 core:116] Successfully loaded extension "markdown.extensions.tables.TableExtension".
[D 230902 13:49:23 core:116] Successfully loaded extension "markdown.extensions.abbr.AbbrExtension".
[D 230902 13:49:23 core:116] Successfully loaded extension "markdown.extensions.md_in_html.MarkdownInHtmlExtension".
[D 230902 13:49:23 core:116] Successfully loaded extension "markdown.extensions.extra.ExtraExtension".
[D 230902 13:49:23 core:153] Successfully imported extension module "markdown.extensions.codehilite".
[D 230902 13:49:23 core:116] Successfully loaded extension "markdown.extensions.codehilite.CodeHiliteExtension".
[D 230902 13:49:23 core:153] Successfully imported extension module "markdown.extensions.tables".
[D 230902 13:49:23 core:116] Successfully loaded extension "markdown.extensions.tables.TableExtension".
[D 230902 13:49:23 core:153] Successfully imported extension module "markdown.extensions.toc".
[D 230902 13:49:23 core:116] Successfully loaded extension "markdown.extensions.toc.TocExtension".
[I 230902 13:49:23 wsgi:265] 200 GET / (127.0.0.1) 30.22ms
[I 230902 13:49:23 wsgi:265] 304 GET /static/icon/Exp.ico (127.0.0.1) 63.67ms
[D 230902 13:49:45 core:153] Successfully imported extension module "markdown.extensions.extra".
[D 230902 13:49:45 core:116] Successfully loaded extension "markdown.extensions.fenced_code.FencedCodeExtension".
[D 230902 13:49:45 core:116] Successfully loaded extension "markdown.extensions.footnotes.FootnoteExtension".
[D 230902 13:49:45 core:116] Successfully loaded extension "markdown.extensions.attr_list.AttrListExtension".
[D 230902 13:49:45 core:116] Successfully loaded extension "markdown.extensions.def_list.DefListExtension".
[D 230902 13:49:45 core:116] Successfully loaded extension "markdown.extensions.tables.TableExtension".
[D 230902 13:49:45 core:116] Successfully loaded extension "markdown.extensions.abbr.AbbrExtension".
[D 230902 13:49:45 core:116] Successfully loaded extension "markdown.extensions.md_in_html.MarkdownInHtmlExtension".
[D 230902 13:49:45 core:116] Successfully loaded extension "markdown.extensions.extra.ExtraExtension".
[D 230902 13:49:45 core:153] Successfully imported extension module "markdown.extensions.codehilite".
[D 230902 13:49:45 core:116] Successfully loaded extension "markdown.extensions.codehilite.CodeHiliteExtension".
[D 230902 13:49:45 core:153] Successfully imported extension module "markdown.extensions.tables".
[D 230902 13:49:45 core:116] Successfully loaded extension "markdown.extensions.tables.TableExtension".
[D 230902 13:49:45 core:153] Successfully imported extension module "markdown.extensions.toc".
[D 230902 13:49:45 core:116] Successfully loaded extension "markdown.extensions.toc.TocExtension".
[I 230902 13:49:45 wsgi:265] 200 GET /Exp16R/doc?doc=Docsify (127.0.0.1) 10.51ms
[I 230902 13:49:45 wsgi:265] 200 GET /Exp16R/static/icon/doc.ico (127.0.0.1) 13.15ms
[D 230902 13:49:53 core:153] Successfully imported extension module "markdown.extensions.extra".
[D 230902 13:49:53 core:116] Successfully loaded extension "markdown.extensions.fenced_code.FencedCodeExtension".
[D 230902 13:49:53 core:116] Successfully loaded extension "markdown.extensions.footnotes.FootnoteExtension".
[D 230902 13:49:53 core:116] Successfully loaded extension "markdown.extensions.attr_list.AttrListExtension".
[D 230902 13:49:53 core:116] Successfully loaded extension "markdown.extensions.def_list.DefListExtension".
[D 230902 13:49:53 core:116] Successfully loaded extension "markdown.extensions.tables.TableExtension".
[D 230902 13:49:53 core:116] Successfully loaded extension "markdown.extensions.abbr.AbbrExtension".
[D 230902 13:49:53 core:116] Successfully loaded extension "markdown.extensions.md_in_html.MarkdownInHtmlExtension".
[D 230902 13:49:53 core:116] Successfully loaded extension "markdown.extensions.extra.ExtraExtension".
[D 230902 13:49:53 core:153] Successfully imported extension module "markdown.extensions.codehilite".
[D 230902 13:49:53 core:116] Successfully loaded extension "markdown.extensions.codehilite.CodeHiliteExtension".
[D 230902 13:49:53 core:153] Successfully imported extension module "markdown.extensions.tables".
[D 230902 13:49:53 core:116] Successfully loaded extension "markdown.extensions.tables.TableExtension".
[D 230902 13:49:53 core:153] Successfully imported extension module "markdown.extensions.toc".
[D 230902 13:49:53 core:116] Successfully loaded extension "markdown.extensions.toc.TocExtension".
[I 230902 13:49:53 wsgi:265] 200 GET /help_info (127.0.0.1) 14.08ms
[I 230902 13:49:53 wsgi:265] 200 GET /static/markdown_images/help_info.images/Downloads_29996-1693616983169-3.png (127.0.0.1) 3.02ms
[I 230902 13:49:54 wsgi:265] 200 GET /static/icon/Exp_help_info.ico (127.0.0.1) 14.77ms
[D 230902 13:50:04 core:153] Successfully imported extension module "markdown.extensions.extra".
[D 230902 13:50:04 core:116] Successfully loaded extension "markdown.extensions.fenced_code.FencedCodeExtension".
[D 230902 13:50:04 core:116] Successfully loaded extension "markdown.extensions.footnotes.FootnoteExtension".
[D 230902 13:50:04 core:116] Successfully loaded extension "markdown.extensions.attr_list.AttrListExtension".
[D 230902 13:50:04 core:116] Successfully loaded extension "markdown.extensions.def_list.DefListExtension".
[D 230902 13:50:04 core:116] Successfully loaded extension "markdown.extensions.tables.TableExtension".
[D 230902 13:50:04 core:116] Successfully loaded extension "markdown.extensions.abbr.AbbrExtension".
[D 230902 13:50:04 core:116] Successfully loaded extension "markdown.extensions.md_in_html.MarkdownInHtmlExtension".
[D 230902 13:50:04 core:116] Successfully loaded extension "markdown.extensions.extra.ExtraExtension".
[D 230902 13:50:04 core:153] Successfully imported extension module "markdown.extensions.codehilite".
[D 230902 13:50:04 core:116] Successfully loaded extension "markdown.extensions.codehilite.CodeHiliteExtension".
[D 230902 13:50:04 core:153] Successfully imported extension module "markdown.extensions.tables".
[D 230902 13:50:04 core:116] Successfully loaded extension "markdown.extensions.tables.TableExtension".
[D 230902 13:50:04 core:153] Successfully imported extension module "markdown.extensions.toc".
[D 230902 13:50:04 core:116] Successfully loaded extension "markdown.extensions.toc.TocExtension".
[I 230902 13:50:04 wsgi:265] 200 GET /Exp16R/ (127.0.0.1) 10.52ms
[I 230902 13:50:04 wsgi:265] 200 GET /Exp16R/static/icon/Exp16Room.ico (127.0.0.1) 16.62ms
[D 230902 13:50:10 core:153] Successfully imported extension module "markdown.extensions.extra".
[D 230902 13:50:10 core:116] Successfully loaded extension "markdown.extensions.fenced_code.FencedCodeExtension".
[D 230902 13:50:10 core:116] Successfully loaded extension "markdown.extensions.footnotes.FootnoteExtension".
[D 230902 13:50:10 core:116] Successfully loaded extension "markdown.extensions.attr_list.AttrListExtension".
[D 230902 13:50:10 core:116] Successfully loaded extension "markdown.extensions.def_list.DefListExtension".
[D 230902 13:50:10 core:116] Successfully loaded extension "markdown.extensions.tables.TableExtension".
[D 230902 13:50:10 core:116] Successfully loaded extension "markdown.extensions.abbr.AbbrExtension".
[D 230902 13:50:10 core:116] Successfully loaded extension "markdown.extensions.md_in_html.MarkdownInHtmlExtension".
[D 230902 13:50:10 core:116] Successfully loaded extension "markdown.extensions.extra.ExtraExtension".
[D 230902 13:50:10 core:153] Successfully imported extension module "markdown.extensions.codehilite".
[D 230902 13:50:10 core:116] Successfully loaded extension "markdown.extensions.codehilite.CodeHiliteExtension".
[D 230902 13:50:10 core:153] Successfully imported extension module "markdown.extensions.tables".
[D 230902 13:50:10 core:116] Successfully loaded extension "markdown.extensions.tables.TableExtension".
[D 230902 13:50:10 core:153] Successfully imported extension module "markdown.extensions.toc".
[D 230902 13:50:10 core:116] Successfully loaded extension "markdown.extensions.toc.TocExtension".
[I 230902 13:50:10 wsgi:265] 200 GET /Exp16R/server (127.0.0.1) 12.73ms
[I 230902 13:50:10 wsgi:265] 200 GET /Exp16R/static/icon/server.ico (127.0.0.1) 17.55ms
[D 230902 13:50:11 core:153] Successfully imported extension module "markdown.extensions.extra".
[D 230902 13:50:11 core:116] Successfully loaded extension "markdown.extensions.fenced_code.FencedCodeExtension".
[D 230902 13:50:11 core:116] Successfully loaded extension "markdown.extensions.footnotes.FootnoteExtension".
[D 230902 13:50:11 core:116] Successfully loaded extension "markdown.extensions.attr_list.AttrListExtension".
[D 230902 13:50:11 core:116] Successfully loaded extension "markdown.extensions.def_list.DefListExtension".
[D 230902 13:50:11 core:116] Successfully loaded extension "markdown.extensions.tables.TableExtension".
[D 230902 13:50:11 core:116] Successfully loaded extension "markdown.extensions.abbr.AbbrExtension".
[D 230902 13:50:11 core:116] Successfully loaded extension "markdown.extensions.md_in_html.MarkdownInHtmlExtension".
[D 230902 13:50:11 core:116] Successfully loaded extension "markdown.extensions.extra.ExtraExtension".
[D 230902 13:50:11 core:153] Successfully imported extension module "markdown.extensions.codehilite".
[D 230902 13:50:11 core:116] Successfully loaded extension "markdown.extensions.codehilite.CodeHiliteExtension".
[D 230902 13:50:11 core:153] Successfully imported extension module "markdown.extensions.tables".
[D 230902 13:50:11 core:116] Successfully loaded extension "markdown.extensions.tables.TableExtension".
[D 230902 13:50:11 core:153] Successfully imported extension module "markdown.extensions.toc".
[D 230902 13:50:11 core:116] Successfully loaded extension "markdown.extensions.toc.TocExtension".
[I 230902 13:50:11 wsgi:265] 200 GET /Exp16R/server?server=SMB (127.0.0.1) 9.58ms
[D 230902 13:50:13 core:153] Successfully imported extension module "markdown.extensions.extra".
[D 230902 13:50:13 core:116] Successfully loaded extension "markdown.extensions.fenced_code.FencedCodeExtension".
[D 230902 13:50:13 core:116] Successfully loaded extension "markdown.extensions.footnotes.FootnoteExtension".
[D 230902 13:50:13 core:116] Successfully loaded extension "markdown.extensions.attr_list.AttrListExtension".
[D 230902 13:50:13 core:116] Successfully loaded extension "markdown.extensions.def_list.DefListExtension".
[D 230902 13:50:13 core:116] Successfully loaded extension "markdown.extensions.tables.TableExtension".
[D 230902 13:50:13 core:116] Successfully loaded extension "markdown.extensions.abbr.AbbrExtension".
[D 230902 13:50:13 core:116] Successfully loaded extension "markdown.extensions.md_in_html.MarkdownInHtmlExtension".
[D 230902 13:50:13 core:116] Successfully loaded extension "markdown.extensions.extra.ExtraExtension".
[D 230902 13:50:13 core:153] Successfully imported extension module "markdown.extensions.codehilite".
[D 230902 13:50:13 core:116] Successfully loaded extension "markdown.extensions.codehilite.CodeHiliteExtension".
[D 230902 13:50:13 core:153] Successfully imported extension module "markdown.extensions.tables".
[D 230902 13:50:13 core:116] Successfully loaded extension "markdown.extensions.tables.TableExtension".
[D 230902 13:50:13 core:153] Successfully imported extension module "markdown.extensions.toc".
[D 230902 13:50:13 core:116] Successfully loaded extension "markdown.extensions.toc.TocExtension".
[I 230902 13:50:13 wsgi:265] 200 GET /Exp16R/server?server=RMI (127.0.0.1) 12.70ms
[D 230902 13:50:16 core:153] Successfully imported extension module "markdown.extensions.extra".
[D 230902 13:50:16 core:116] Successfully loaded extension "markdown.extensions.fenced_code.FencedCodeExtension".
[D 230902 13:50:16 core:116] Successfully loaded extension "markdown.extensions.footnotes.FootnoteExtension".
[D 230902 13:50:16 core:116] Successfully loaded extension "markdown.extensions.attr_list.AttrListExtension".
[D 230902 13:50:16 core:116] Successfully loaded extension "markdown.extensions.def_list.DefListExtension".
[D 230902 13:50:16 core:116] Successfully loaded extension "markdown.extensions.tables.TableExtension".
[D 230902 13:50:16 core:116] Successfully loaded extension "markdown.extensions.abbr.AbbrExtension".
[D 230902 13:50:16 core:116] Successfully loaded extension "markdown.extensions.md_in_html.MarkdownInHtmlExtension".
[D 230902 13:50:16 core:116] Successfully loaded extension "markdown.extensions.extra.ExtraExtension".
[D 230902 13:50:16 core:153] Successfully imported extension module "markdown.extensions.codehilite".
[D 230902 13:50:16 core:116] Successfully loaded extension "markdown.extensions.codehilite.CodeHiliteExtension".
[D 230902 13:50:16 core:153] Successfully imported extension module "markdown.extensions.tables".
[D 230902 13:50:16 core:116] Successfully loaded extension "markdown.extensions.tables.TableExtension".
[D 230902 13:50:16 core:153] Successfully imported extension module "markdown.extensions.toc".
[D 230902 13:50:16 core:116] Successfully loaded extension "markdown.extensions.toc.TocExtension".
[I 230902 13:50:16 wsgi:265] 200 GET /Exp16R/server?server=RMI (127.0.0.1) 8.65ms
[D 230902 13:50:17 core:153] Successfully imported extension module "markdown.extensions.extra".
[D 230902 13:50:17 core:116] Successfully loaded extension "markdown.extensions.fenced_code.FencedCodeExtension".
[D 230902 13:50:17 core:116] Successfully loaded extension "markdown.extensions.footnotes.FootnoteExtension".
[D 230902 13:50:17 core:116] Successfully loaded extension "markdown.extensions.attr_list.AttrListExtension".
[D 230902 13:50:17 core:116] Successfully loaded extension "markdown.extensions.def_list.DefListExtension".
[D 230902 13:50:17 core:116] Successfully loaded extension "markdown.extensions.tables.TableExtension".
[D 230902 13:50:17 core:116] Successfully loaded extension "markdown.extensions.abbr.AbbrExtension".
[D 230902 13:50:17 core:116] Successfully loaded extension "markdown.extensions.md_in_html.MarkdownInHtmlExtension".
[D 230902 13:50:17 core:116] Successfully loaded extension "markdown.extensions.extra.ExtraExtension".
[D 230902 13:50:17 core:153] Successfully imported extension module "markdown.extensions.codehilite".
[D 230902 13:50:17 core:116] Successfully loaded extension "markdown.extensions.codehilite.CodeHiliteExtension".
[D 230902 13:50:17 core:153] Successfully imported extension module "markdown.extensions.tables".
[D 230902 13:50:17 core:116] Successfully loaded extension "markdown.extensions.tables.TableExtension".
[D 230902 13:50:17 core:153] Successfully imported extension module "markdown.extensions.toc".
[D 230902 13:50:17 core:116] Successfully loaded extension "markdown.extensions.toc.TocExtension".
[I 230902 13:50:17 wsgi:265] 200 GET /Exp16R/server?server=SMB (127.0.0.1) 9.58ms
[D 230902 13:50:20 core:153] Successfully imported extension module "markdown.extensions.extra".
[D 230902 13:50:20 core:116] Successfully loaded extension "markdown.extensions.fenced_code.FencedCodeExtension".
[D 230902 13:50:20 core:116] Successfully loaded extension "markdown.extensions.footnotes.FootnoteExtension".
[D 230902 13:50:20 core:116] Successfully loaded extension "markdown.extensions.attr_list.AttrListExtension".
[D 230902 13:50:20 core:116] Successfully loaded extension "markdown.extensions.def_list.DefListExtension".
[D 230902 13:50:20 core:116] Successfully loaded extension "markdown.extensions.tables.TableExtension".
[D 230902 13:50:20 core:116] Successfully loaded extension "markdown.extensions.abbr.AbbrExtension".
[D 230902 13:50:20 core:116] Successfully loaded extension "markdown.extensions.md_in_html.MarkdownInHtmlExtension".
[D 230902 13:50:20 core:116] Successfully loaded extension "markdown.extensions.extra.ExtraExtension".
[D 230902 13:50:20 core:153] Successfully imported extension module "markdown.extensions.codehilite".
[D 230902 13:50:20 core:116] Successfully loaded extension "markdown.extensions.codehilite.CodeHiliteExtension".
[D 230902 13:50:20 core:153] Successfully imported extension module "markdown.extensions.tables".
[D 230902 13:50:20 core:116] Successfully loaded extension "markdown.extensions.tables.TableExtension".
[D 230902 13:50:20 core:153] Successfully imported extension module "markdown.extensions.toc".
[D 230902 13:50:20 core:116] Successfully loaded extension "markdown.extensions.toc.TocExtension".
[I 230902 13:50:20 wsgi:265] 200 GET /Exp16R/server?server=CloudDisk (127.0.0.1) 7.02ms
[D 230902 13:50:22 core:153] Successfully imported extension module "markdown.extensions.extra".
[D 230902 13:50:22 core:116] Successfully loaded extension "markdown.extensions.fenced_code.FencedCodeExtension".
[D 230902 13:50:22 core:116] Successfully loaded extension "markdown.extensions.footnotes.FootnoteExtension".
[D 230902 13:50:22 core:116] Successfully loaded extension "markdown.extensions.attr_list.AttrListExtension".
[D 230902 13:50:22 core:116] Successfully loaded extension "markdown.extensions.def_list.DefListExtension".
[D 230902 13:50:22 core:116] Successfully loaded extension "markdown.extensions.tables.TableExtension".
[D 230902 13:50:22 core:116] Successfully loaded extension "markdown.extensions.abbr.AbbrExtension".
[D 230902 13:50:22 core:116] Successfully loaded extension "markdown.extensions.md_in_html.MarkdownInHtmlExtension".
[D 230902 13:50:22 core:116] Successfully loaded extension "markdown.extensions.extra.ExtraExtension".
[D 230902 13:50:22 core:153] Successfully imported extension module "markdown.extensions.codehilite".
[D 230902 13:50:22 core:116] Successfully loaded extension "markdown.extensions.codehilite.CodeHiliteExtension".
[D 230902 13:50:22 core:153] Successfully imported extension module "markdown.extensions.tables".
[D 230902 13:50:22 core:116] Successfully loaded extension "markdown.extensions.tables.TableExtension".
[D 230902 13:50:22 core:153] Successfully imported extension module "markdown.extensions.toc".
[D 230902 13:50:22 core:116] Successfully loaded extension "markdown.extensions.toc.TocExtension".
[I 230902 13:50:22 wsgi:265] 200 GET /Exp16R/server?server=ORS (127.0.0.1) 7.53ms
[D 230902 13:50:25 core:153] Successfully imported extension module "markdown.extensions.extra".
[D 230902 13:50:25 core:116] Successfully loaded extension "markdown.extensions.fenced_code.FencedCodeExtension".
[D 230902 13:50:25 core:116] Successfully loaded extension "markdown.extensions.footnotes.FootnoteExtension".
[D 230902 13:50:25 core:116] Successfully loaded extension "markdown.extensions.attr_list.AttrListExtension".
[D 230902 13:50:25 core:116] Successfully loaded extension "markdown.extensions.def_list.DefListExtension".
[D 230902 13:50:25 core:116] Successfully loaded extension "markdown.extensions.tables.TableExtension".
[D 230902 13:50:25 core:116] Successfully loaded extension "markdown.extensions.abbr.AbbrExtension".
[D 230902 13:50:25 core:116] Successfully loaded extension "markdown.extensions.md_in_html.MarkdownInHtmlExtension".
[D 230902 13:50:25 core:116] Successfully loaded extension "markdown.extensions.extra.ExtraExtension".
[D 230902 13:50:25 core:153] Successfully imported extension module "markdown.extensions.codehilite".
[D 230902 13:50:25 core:116] Successfully loaded extension "markdown.extensions.codehilite.CodeHiliteExtension".
[D 230902 13:50:25 core:153] Successfully imported extension module "markdown.extensions.tables".
[D 230902 13:50:25 core:116] Successfully loaded extension "markdown.extensions.tables.TableExtension".
[D 230902 13:50:25 core:153] Successfully imported extension module "markdown.extensions.toc".
[D 230902 13:50:25 core:116] Successfully loaded extension "markdown.extensions.toc.TocExtension".
[I 230902 13:50:25 wsgi:265] 200 GET /Exp16R/doc (127.0.0.1) 7.53ms
[D 230902 13:50:26 core:153] Successfully imported extension module "markdown.extensions.extra".
[D 230902 13:50:26 core:116] Successfully loaded extension "markdown.extensions.fenced_code.FencedCodeExtension".
[D 230902 13:50:26 core:116] Successfully loaded extension "markdown.extensions.footnotes.FootnoteExtension".
[D 230902 13:50:26 core:116] Successfully loaded extension "markdown.extensions.attr_list.AttrListExtension".
[D 230902 13:50:26 core:116] Successfully loaded extension "markdown.extensions.def_list.DefListExtension".
[D 230902 13:50:26 core:116] Successfully loaded extension "markdown.extensions.tables.TableExtension".
[D 230902 13:50:26 core:116] Successfully loaded extension "markdown.extensions.abbr.AbbrExtension".
[D 230902 13:50:26 core:116] Successfully loaded extension "markdown.extensions.md_in_html.MarkdownInHtmlExtension".
[D 230902 13:50:26 core:116] Successfully loaded extension "markdown.extensions.extra.ExtraExtension".
[D 230902 13:50:26 core:153] Successfully imported extension module "markdown.extensions.codehilite".
[D 230902 13:50:26 core:116] Successfully loaded extension "markdown.extensions.codehilite.CodeHiliteExtension".
[D 230902 13:50:26 core:153] Successfully imported extension module "markdown.extensions.tables".
[D 230902 13:50:26 core:116] Successfully loaded extension "markdown.extensions.tables.TableExtension".
[D 230902 13:50:26 core:153] Successfully imported extension module "markdown.extensions.toc".
[D 230902 13:50:26 core:116] Successfully loaded extension "markdown.extensions.toc.TocExtension".
[I 230902 13:50:26 wsgi:265] 200 GET /Exp16R/doc?doc=Docsify (127.0.0.1) 7.50ms
[D 230902 13:50:30 core:153] Successfully imported extension module "markdown.extensions.extra".
[D 230902 13:50:30 core:116] Successfully loaded extension "markdown.extensions.fenced_code.FencedCodeExtension".
[D 230902 13:50:30 core:116] Successfully loaded extension "markdown.extensions.footnotes.FootnoteExtension".
[D 230902 13:50:30 core:116] Successfully loaded extension "markdown.extensions.attr_list.AttrListExtension".
[D 230902 13:50:30 core:116] Successfully loaded extension "markdown.extensions.def_list.DefListExtension".
[D 230902 13:50:30 core:116] Successfully loaded extension "markdown.extensions.tables.TableExtension".
[D 230902 13:50:30 core:116] Successfully loaded extension "markdown.extensions.abbr.AbbrExtension".
[D 230902 13:50:30 core:116] Successfully loaded extension "markdown.extensions.md_in_html.MarkdownInHtmlExtension".
[D 230902 13:50:30 core:116] Successfully loaded extension "markdown.extensions.extra.ExtraExtension".
[D 230902 13:50:30 core:153] Successfully imported extension module "markdown.extensions.codehilite".
[D 230902 13:50:30 core:116] Successfully loaded extension "markdown.extensions.codehilite.CodeHiliteExtension".
[D 230902 13:50:30 core:153] Successfully imported extension module "markdown.extensions.tables".
[D 230902 13:50:30 core:116] Successfully loaded extension "markdown.extensions.tables.TableExtension".
[D 230902 13:50:30 core:153] Successfully imported extension module "markdown.extensions.toc".
[D 230902 13:50:30 core:116] Successfully loaded extension "markdown.extensions.toc.TocExtension".
[I 230902 13:50:30 wsgi:265] 200 GET /Exp16R/doc?doc=SMB (127.0.0.1) 7.53ms
[D 230902 13:50:33 core:153] Successfully imported extension module "markdown.extensions.extra".
[D 230902 13:50:33 core:116] Successfully loaded extension "markdown.extensions.fenced_code.FencedCodeExtension".
[D 230902 13:50:33 core:116] Successfully loaded extension "markdown.extensions.footnotes.FootnoteExtension".
[D 230902 13:50:33 core:116] Successfully loaded extension "markdown.extensions.attr_list.AttrListExtension".
[D 230902 13:50:33 core:116] Successfully loaded extension "markdown.extensions.def_list.DefListExtension".
[D 230902 13:50:33 core:116] Successfully loaded extension "markdown.extensions.tables.TableExtension".
[D 230902 13:50:33 core:116] Successfully loaded extension "markdown.extensions.abbr.AbbrExtension".
[D 230902 13:50:33 core:116] Successfully loaded extension "markdown.extensions.md_in_html.MarkdownInHtmlExtension".
[D 230902 13:50:33 core:116] Successfully loaded extension "markdown.extensions.extra.ExtraExtension".
[D 230902 13:50:33 core:153] Successfully imported extension module "markdown.extensions.codehilite".
[D 230902 13:50:33 core:116] Successfully loaded extension "markdown.extensions.codehilite.CodeHiliteExtension".
[D 230902 13:50:33 core:153] Successfully imported extension module "markdown.extensions.tables".
[D 230902 13:50:33 core:116] Successfully loaded extension "markdown.extensions.tables.TableExtension".
[D 230902 13:50:33 core:153] Successfully imported extension module "markdown.extensions.toc".
[D 230902 13:50:33 core:116] Successfully loaded extension "markdown.extensions.toc.TocExtension".
[I 230902 13:50:33 wsgi:265] 200 GET /Exp16R/doc?doc=Docsify (127.0.0.1) 8.46ms
[D 230902 13:50:37 core:153] Successfully imported extension module "markdown.extensions.extra".
[D 230902 13:50:37 core:116] Successfully loaded extension "markdown.extensions.fenced_code.FencedCodeExtension".
[D 230902 13:50:37 core:116] Successfully loaded extension "markdown.extensions.footnotes.FootnoteExtension".
[D 230902 13:50:37 core:116] Successfully loaded extension "markdown.extensions.attr_list.AttrListExtension".
[D 230902 13:50:37 core:116] Successfully loaded extension "markdown.extensions.def_list.DefListExtension".
[D 230902 13:50:37 core:116] Successfully loaded extension "markdown.extensions.tables.TableExtension".
[D 230902 13:50:37 core:116] Successfully loaded extension "markdown.extensions.abbr.AbbrExtension".
[D 230902 13:50:37 core:116] Successfully loaded extension "markdown.extensions.md_in_html.MarkdownInHtmlExtension".
[D 230902 13:50:37 core:116] Successfully loaded extension "markdown.extensions.extra.ExtraExtension".
[D 230902 13:50:37 core:153] Successfully imported extension module "markdown.extensions.codehilite".
[D 230902 13:50:37 core:116] Successfully loaded extension "markdown.extensions.codehilite.CodeHiliteExtension".
[D 230902 13:50:37 core:153] Successfully imported extension module "markdown.extensions.tables".
[D 230902 13:50:37 core:116] Successfully loaded extension "markdown.extensions.tables.TableExtension".
[D 230902 13:50:37 core:153] Successfully imported extension module "markdown.extensions.toc".
[D 230902 13:50:37 core:116] Successfully loaded extension "markdown.extensions.toc.TocExtension".
[I 230902 13:50:37 wsgi:265] 200 GET /Exp16R/egg_hunt (127.0.0.1) 7.19ms
[W 230902 13:50:37 wsgi:265] 404 GET /static/icon/egg_hunt.ico (127.0.0.1) 7.57ms
[I 230902 13:50:38 wsgi:265] 200 GET /Exp16R/egg_hunt?name=graduate (127.0.0.1) 4.18ms
[I 230902 13:50:38 wsgi:265] 200 GET /Exp16R/static/css/graduate_normalize.min.css (127.0.0.1) 5.54ms
[I 230902 13:50:38 wsgi:265] 200 GET /Exp16R/static/css/graduate_style.css (127.0.0.1) 7.53ms
[I 230902 13:50:41 wsgi:265] 200 GET /Exp16R/static/images/graduate_background.jpg (127.0.0.1) 21.37ms
[I 230902 13:50:41 wsgi:265] 200 GET /Exp16R/static/images/graduate_photo.jpg (127.0.0.1) 23.85ms
[I 230902 13:50:53 wsgi:265] 200 GET /Exp16R/egg_hunt?name=graduate (127.0.0.1) 1.06ms
[I 230902 13:50:53 wsgi:265] 304 GET /Exp16R/static/css/graduate_normalize.min.css (127.0.0.1) 1.92ms
[I 230902 13:50:53 wsgi:265] 304 GET /Exp16R/static/css/graduate_style.css (127.0.0.1) 2.94ms
[I 230902 13:50:53 wsgi:265] 304 GET /Exp16R/static/images/graduate_background.jpg (127.0.0.1) 2.00ms
[I 230902 13:50:53 wsgi:265] 304 GET /Exp16R/static/images/graduate_photo.jpg (127.0.0.1) 1.72ms
[W 230902 13:51:04 wsgi:265] 404 GET /static/icon/egg_hunt.ico (127.0.0.1) 2.56ms
[D 230902 13:51:34 core:153] Successfully imported extension module "markdown.extensions.extra".
[D 230902 13:51:34 core:116] Successfully loaded extension "markdown.extensions.fenced_code.FencedCodeExtension".
[D 230902 13:51:34 core:116] Successfully loaded extension "markdown.extensions.footnotes.FootnoteExtension".
[D 230902 13:51:34 core:116] Successfully loaded extension "markdown.extensions.attr_list.AttrListExtension".
[D 230902 13:51:34 core:116] Successfully loaded extension "markdown.extensions.def_list.DefListExtension".
[D 230902 13:51:34 core:116] Successfully loaded extension "markdown.extensions.tables.TableExtension".
[D 230902 13:51:34 core:116] Successfully loaded extension "markdown.extensions.abbr.AbbrExtension".
[D 230902 13:51:34 core:116] Successfully loaded extension "markdown.extensions.md_in_html.MarkdownInHtmlExtension".
[D 230902 13:51:34 core:116] Successfully loaded extension "markdown.extensions.extra.ExtraExtension".
[D 230902 13:51:34 core:153] Successfully imported extension module "markdown.extensions.codehilite".
[D 230902 13:51:34 core:116] Successfully loaded extension "markdown.extensions.codehilite.CodeHiliteExtension".
[D 230902 13:51:34 core:153] Successfully imported extension module "markdown.extensions.tables".
[D 230902 13:51:34 core:116] Successfully loaded extension "markdown.extensions.tables.TableExtension".
[D 230902 13:51:34 core:153] Successfully imported extension module "markdown.extensions.toc".
[D 230902 13:51:34 core:116] Successfully loaded extension "markdown.extensions.toc.TocExtension".
[I 230902 13:51:34 wsgi:265] 200 GET /Exp16R/album (127.0.0.1) 8.67ms
[I 230902 13:51:34 wsgi:265] 200 GET /Exp16R/static/icon/album_info.ico (127.0.0.1) 2.94ms
[I 230902 13:51:36 wsgi:265] 200 GET /Exp16R/album/show (127.0.0.1) 7.70ms
[I 230902 13:51:36 wsgi:265] 200 GET /Exp16R/static/js/album.js (127.0.0.1) 4.53ms
[I 230902 13:51:36 wsgi:265] 200 GET /Exp16R/static/css/album_show.css (127.0.0.1) 3.91ms
[I 230902 13:51:38 wsgi:265] 200 GET /Exp16R/static/icon/album.ico (127.0.0.1) 21.10ms
[I 230902 13:51:57 wsgi:265] 304 GET /Exp16R/static/css/album_show.css (127.0.0.1) 1.00ms
[I 230902 13:51:59 wsgi:265] 200 GET /Exp16R/album/show (127.0.0.1) 2.00ms
[I 230902 13:51:59 wsgi:265] 304 GET /Exp16R/static/js/album.js (127.0.0.1) 2.00ms
[I 230902 13:51:59 wsgi:265] 304 GET /Exp16R/static/css/album_show.css (127.0.0.1) 2.52ms
[I 230902 13:52:01 wsgi:265] 304 GET /Exp16R/static/icon/album.ico (127.0.0.1) 2.01ms
